<?xml version="1.0" encoding="UTF-8"?>
<!-- Generated by org.testng.reporters.JUnitReportReporter -->
<testsuite hostname="Nishiraj" failures="0" tests="1" name="base.DummyTest" time="4.609" errors="0" timestamp="2025-06-23T00:12:54 IST" skipped="0">
  <testcase classname="base.DummyTest" name="testTitle" time="4.609"/>
</testsuite> <!-- base.DummyTest -->
